<?xml version="1.0" ?><test_result><suite_ref id="1044" external_run_id="Test Suites/Verify Operations"></suite_ref><release_ref id="1002"></release_ref><product_areas><product_area_ref id="1018"></product_area_ref></product_areas><test_fields><test_field type="Test_Type" value="ACCEPTANCE"></test_field><test_field type="Test_Level" value="INTEGRATION_TEST"></test_field><test_field type="Testing_Tool_Type" value="SELENIUM"></test_field></test_fields><environment><taxonomy type="hostName" value="inpra - DESKTOP-H7OS8JA"></taxonomy><taxonomy type="os" value="Windows 10 64bit"></taxonomy><taxonomy type="katalonVersion" value="8.5.8.208"></taxonomy><taxonomy type="sessionId" value="c7d8e3819f87ed5cbef5bdbe4ee657fb"></taxonomy><taxonomy type="proxyInformation" value="ProxyInformation { proxyOption=NO_PROXY, proxyServerType=HTTP, username=, password=********, proxyServerAddress=, proxyServerPort=0, executionList=&quot;&quot;, isApplyToDesiredCapabilities=true }"></taxonomy><taxonomy type="platform" value="Windows 10"></taxonomy><taxonomy type="browser" value="Edge Chromium 110"></taxonomy><taxonomy type="hostAddress" value="192.168.56.1"></taxonomy><taxonomy type="seleniumVersion" value="3.141.59"></taxonomy></environment><test_runs><test_run package="Test Cases/operations" class="Verify Divide" name="Verify Divide" status="Passed" duration="69057" started="1677344628577"></test_run><test_run package="Test Cases/operations" class="Verify Plus" name="Verify Plus" status="Failed" duration="33081" started="1677344628577"><error type="FAILED" message="Test Cases/operations/Verify Plus FAILED. Reason: com.kms.katalon.core.exception.StepFailedException: Feature file 'Include/features/operations/Plus.feature' was failed  at com.kms.katalon.core.keyword.internal.KeywordMain.stepFailed(KeywordMain.groovy:50)  at com.kms.katalon.core.keyword.internal.KeywordMain.stepFailed(KeywordMain.groovy)  at com.kms.katalon.core.keyword.internal.KeywordMain.stepFailed(KeywordMain.groovy:23)  at com.kms.katalon.core.keyword.internal.KeywordMain$stepFailed$0.call(Unknown Source)  at com.kms.katalon.core.cucumber.keyword.CucumberBuiltinKeywords$_runFeatureFile_closure1.doCall(CucumberBuiltinKeywords.groovy:114)  at com.kms.katalon.core.cucumber.keyword.CucumberBuiltinKeywords$_runFeatureFile_closure1.doCall(CucumberBuiltinKeywords.groovy)  at com.kms.katalon.core.keyword.internal.KeywordMain.runKeyword(KeywordMain.groovy:74)  at com.kms.katalon.core.keyword.internal.KeywordMain.runKeyword(KeywordMain.groovy:68)  at com.kms.katalon.core.keyword.internal.KeywordMain$runKeyword.call(Unknown Source)  at com.kms.katalon.core.cucumber.keyword.CucumberBuiltinKeywords.runFeatureFile(CucumberBuiltinKeywords.groovy:75)  at com.kms.katalon.core.cucumber.keyword.CucumberBuiltinKeywords$runFeatureFile$0.callStatic(Unknown Source)  at com.kms.katalon.core.cucumber.keyword.CucumberBuiltinKeywords.runFeatureFile(CucumberBuiltinKeywords.groovy:248)  at com.kms.katalon.core.cucumber.keyword.CucumberBuiltinKeywords$runFeatureFile.call(Unknown Source)  at Verify Plus.run(Verify Plus:18)  at com.kms.katalon.core.main.ScriptEngine.run(ScriptEngine.java:194)  at com.kms.katalon.core.main.ScriptEngine.runScriptAsRawText(ScriptEngine.java:119)  at com.kms.katalon.core.main.TestCaseExecutor.runScript(TestCaseExecutor.java:448)  at com.kms.katalon.core.main.TestCaseExecutor.doExecute(TestCaseExecutor.java:439)  at com.kms.katalon.core.main.TestCaseExecutor.processExecutionPhase(TestCaseExecutor.java:418)  at com.kms.katalon.core.main.TestCaseExecutor.accessMainPhase(TestCaseExecutor.java:410)  at com.kms.katalon.core.main.TestCaseExecutor.execute(TestCaseExecutor.java:285)  at com.kms.katalon.core.common.CommonExecutor.accessTestCaseMainPhase(CommonExecutor.java:65)  at com.kms.katalon.core.main.TestSuiteExecutor.accessTestSuiteMainPhase(TestSuiteExecutor.java:151)  at com.kms.katalon.core.main.TestSuiteExecutor.execute(TestSuiteExecutor.java:106)  at com.kms.katalon.core.main.TestCaseMain.startTestSuite(TestCaseMain.java:185)  at com.kms.katalon.core.main.TestCaseMain$startTestSuite$0.call(Unknown Source)  at TempTestSuite1677313699333.run(TempTestSuite1677313699333.groovy:36)"></error></test_run></test_runs></test_result>