<?xml version="1.0"?>
<test_result>
	<suite_ref id="1044" external_run_id="Test Suites/AG-Grid Test Suite"></suite_ref>
	<release name="_default_"></release>
	<backlog_items>
		<backlog_item_ref id="2001"></backlog_item_ref>
	</backlog_items>
	<product_areas>
		<product_area_ref id="1018"></product_area_ref>
	</product_areas>
	<test_fields>
		<test_field type="Test_Type" value="ACCEPTANCE"></test_field>
		<test_field type="Test_Level" value="INTEGRATION_TEST"></test_field>
		<test_field type="Testing_Tool_Type" value="SELENIUM"></test_field>
	</test_fields>
	<environment>
		<taxonomy type="hostName" value="inpra - DESKTOP-H7OS8JA"></taxonomy>
		<taxonomy type="os" value="Windows 10 64bit"></taxonomy>
		<taxonomy type="katalonVersion" value="8.5.8.208"></taxonomy>
		<taxonomy type="hostAddress" value="192.168.56.1"></taxonomy>
	</environment>
	<test_runs>
		<test_run package="Test Cases" class="New Test Case" name="New Test Case" status="Failed" duration="1752" started="1677434153023">
			<error type="FAILED" message="Test Cases/New Test Case FAILED. Reason: org.codehaus.groovy.runtime.InvokerInvocationException: java.lang.AssertionError: [check frog's age]  Expecting:  &lt;40&gt; to be greater than:  &lt;50&gt;   at pb.assertj.Assert.invokeMethod(Assert.groovy)  at com.kms.katalon.core.main.CustomKeywordDelegatingMetaClass.invokeStaticMethod(CustomKeywordDelegatingMetaClass.java:55)  at New Test Case.run(New Test Case:25)  at com.kms.katalon.core.main.ScriptEngine.run(ScriptEngine.java:194)  at com.kms.katalon.core.main.ScriptEngine.runScriptAsRawText(ScriptEngine.java:119)  at com.kms.katalon.core.main.TestCaseExecutor.runScript(TestCaseExecutor.java:448)  at com.kms.katalon.core.main.TestCaseExecutor.doExecute(TestCaseExecutor.java:439)  at com.kms.katalon.core.main.TestCaseExecutor.processExecutionPhase(TestCaseExecutor.java:418)  at com.kms.katalon.core.main.TestCaseExecutor.accessMainPhase(TestCaseExecutor.java:410)  at com.kms.katalon.core.main.TestCaseExecutor.execute(TestCaseExecutor.java:285)  at com.kms.katalon.core.common.CommonExecutor.accessTestCaseMainPhase(CommonExecutor.java:65)  at com.kms.katalon.core.main.TestSuiteExecutor.accessTestSuiteMainPhase(TestSuiteExecutor.java:151)  at com.kms.katalon.core.main.TestSuiteExecutor.execute(TestSuiteExecutor.java:106)  at com.kms.katalon.core.main.TestCaseMain.startTestSuite(TestCaseMain.java:185)  at com.kms.katalon.core.main.TestCaseMain$startTestSuite$0.call(Unknown Source)  at TempTestSuite1677432714421.run(TempTestSuite1677432714421.groovy:36)  at java.base/jdk.internal.reflect.NativeMethodAccessorImpl.invoke0(Native Method)  at java.base/jdk.internal.reflect.NativeMethodAccessorImpl.invoke(NativeMethodAccessorImpl.java:77)  at java.base/jdk.internal.reflect.DelegatingMethodAccessorImpl.invoke(DelegatingMethodAccessorImpl.java:43) Caused by: java.lang.AssertionError: [check frog's age]  Expecting:  &lt;40&gt; to be greater than:  &lt;50&gt;   at pb.assertj.Assert.assertjThat(Assert.groovy:31)  at java.base/jdk.internal.reflect.NativeMethodAccessorImpl.invoke0(Native Method)  at java.base/jdk.internal.reflect.NativeMethodAccessorImpl.invoke(NativeMethodAccessorImpl.java:77)  at java.base/jdk.internal.reflect.DelegatingMethodAccessorImpl.invoke(DelegatingMethodAccessorImpl.java:43)  ... 19 more"></error>
		</test_run>
	</test_runs>
</test_result>